Using pre-set license
Built from '2021.3/staging' branch; Version is '2021.3.20f1 (577897200b8b) revision 5732503'; Using compiler version '192829333'; Build Type 'Release'
OS: 'Windows 10  (10.0.19045) 64bit Professional' Language: 'ko' Physical Memory: 16194 MB
BatchMode: 1, IsHumanControllingUs: 0, StartBugReporterOnCrash: 0, Is64bit: 1, IsPro: 1

COMMAND LINE ARGUMENTS:
C:\Program Files\Unity\Hub\Editor\2021.3.20f1\Editor\Unity.exe
-adb2
-batchMode
-noUpm
-name
AssetImportWorker4
-projectPath
C:/Users/SGA/Desktop/Winstone/Unity_2D_202303/Side-scrolling
-logFile
Logs/AssetImportWorker4.log
-srvPort
52263
Successfully changed project path to: C:/Users/SGA/Desktop/Winstone/Unity_2D_202303/Side-scrolling
C:/Users/SGA/Desktop/Winstone/Unity_2D_202303/Side-scrolling
[UnityMemory] Configuration Parameters - Can be set up in boot.config
    "memorysetup-bucket-allocator-granularity=16"
    "memorysetup-bucket-allocator-bucket-count=8"
    "memorysetup-bucket-allocator-block-size=33554432"
    "memorysetup-bucket-allocator-block-count=8"
    "memorysetup-main-allocator-block-size=16777216"
    "memorysetup-thread-allocator-block-size=16777216"
    "memorysetup-gfx-main-allocator-block-size=16777216"
    "memorysetup-gfx-thread-allocator-block-size=16777216"
    "memorysetup-cache-allocator-block-size=4194304"
    "memorysetup-typetree-allocator-block-size=2097152"
    "memorysetup-profiler-bucket-allocator-granularity=16"
    "memorysetup-profiler-bucket-allocator-bucket-count=8"
    "memorysetup-profiler-bucket-allocator-block-size=33554432"
    "memorysetup-profiler-bucket-allocator-block-count=8"
    "memorysetup-profiler-allocator-block-size=16777216"
    "memorysetup-profiler-editor-allocator-block-size=1048576"
    "memorysetup-temp-allocator-size-main=16777216"
    "memorysetup-job-temp-allocator-block-size=2097152"
    "memorysetup-job-temp-allocator-block-size-background=1048576"
    "memorysetup-job-temp-allocator-reduction-small-platforms=262144"
    "memorysetup-temp-allocator-size-background-worker=32768"
    "memorysetup-temp-allocator-size-job-worker=262144"
    "memorysetup-temp-allocator-size-preload-manager=33554432"
    "memorysetup-temp-allocator-size-nav-mesh-worker=65536"
    "memorysetup-temp-allocator-size-audio-worker=65536"
    "memorysetup-temp-allocator-size-cloud-worker=32768"
    "memorysetup-temp-allocator-size-gi-baking-worker=262144"
    "memorysetup-temp-allocator-size-gfx=262144"
Player connection [28860] Host "[IP] 192.168.0.112 [Port] 0 [Flags] 2 [Guid] 2217399580 [EditorId] 2217399580 [Version] 1048832 [Id] WindowsEditor(7,DESKTOP-HQKDT44) [Debug] 1 [PackageName] WindowsEditor [ProjectName] Editor" joined multi-casting on [225.0.0.222:54997]...

Player connection [28860] Host "[IP] 192.168.0.112 [Port] 0 [Flags] 2 [Guid] 2217399580 [EditorId] 2217399580 [Version] 1048832 [Id] WindowsEditor(7,DESKTOP-HQKDT44) [Debug] 1 [PackageName] WindowsEditor [ProjectName] Editor" joined alternative multi-casting on [225.0.0.222:34997]...

Refreshing native plugins compatible for Editor in 29.76 ms, found 2 plugins.
Preloading 0 native plugins for Editor in 0.00 ms.
Initialize engine version: 2021.3.20f1 (577897200b8b)
[Subsystems] Discovering subsystems at path C:/Program Files/Unity/Hub/Editor/2021.3.20f1/Editor/Data/Resources/UnitySubsystems
[Subsystems] Discovering subsystems at path C:/Users/SGA/Desktop/Winstone/Unity_2D_202303/Side-scrolling/Assets
GfxDevice: creating device client; threaded=0; jobified=0
Direct3D:
    Version:  Direct3D 11.0 [level 11.1]
    Renderer: NVIDIA GeForce GTX 1650 (ID=0x1f82)
    Vendor:   NVIDIA
    VRAM:     3962 MB
    Driver:   31.0.15.1694
Initialize mono
Mono path[0] = 'C:/Program Files/Unity/Hub/Editor/2021.3.20f1/Editor/Data/Managed'
Mono path[1] = 'C:/Program Files/Unity/Hub/Editor/2021.3.20f1/Editor/Data/MonoBleedingEdge/lib/mono/unityjit-win32'
Mono config path = 'C:/Program Files/Unity/Hub/Editor/2021.3.20f1/Editor/Data/MonoBleedingEdge/etc'
Using monoOptions --debugger-agent=transport=dt_socket,embedding=1,server=y,suspend=n,address=127.0.0.1:56432
Begin MonoManager ReloadAssembly
Registering precompiled unity dll's ...
Register platform support module: C:/Program Files/Unity/Hub/Editor/2021.3.20f1/Editor/Data/PlaybackEngines/AndroidPlayer/UnityEditor.Android.Extensions.dll
Register platform support module: C:/Program Files/Unity/Hub/Editor/2021.3.20f1/Editor/Data/PlaybackEngines/WindowsStandaloneSupport/UnityEditor.WindowsStandalone.Extensions.dll
Registered in 0.004130 seconds.
Native extension for WindowsStandalone target not found
Native extension for Android target not found
Android Extension - Scanning For ADB Devices 179 ms
Refreshing native plugins compatible for Editor in 23.89 ms, found 2 plugins.
Preloading 0 native plugins for Editor in 0.00 ms.
Mono: successfully reloaded assembly
- Completed reload, in  0.616 seconds
Domain Reload Profiling:
	ReloadAssembly (617ms)
		BeginReloadAssembly (67ms)
			ExecutionOrderSort (0ms)
			DisableScriptedObjects (0ms)
			BackupInstance (0ms)
			ReleaseScriptingObjects (0ms)
			CreateAndSetChildDomain (1ms)
		EndReloadAssembly (480ms)
			LoadAssemblies (65ms)
			RebuildTransferFunctionScriptingTraits (0ms)
			SetupTypeCache (78ms)
			ReleaseScriptCaches (0ms)
			RebuildScriptCaches (19ms)
			SetupLoadedEditorAssemblies (347ms)
				LogAssemblyErrors (0ms)
				InitializePlatformSupportModulesInManaged (228ms)
				SetLoadedEditorAssemblies (0ms)
				RefreshPlugins (24ms)
				BeforeProcessingInitializeOnLoad (1ms)
				ProcessInitializeOnLoadAttributes (64ms)
				ProcessInitializeOnLoadMethodAttributes (30ms)
				AfterProcessingInitializeOnLoad (0ms)
				EditorAssembliesLoaded (0ms)
			ExecutionOrderSort2 (0ms)
			AwakeInstancesAfterBackupRestoration (0ms)
Platform modules already initialized, skipping
Registering precompiled user dll's ...
Registered in 0.001389 seconds.
Begin MonoManager ReloadAssembly
Native extension for WindowsStandalone target not found
Native extension for Android target not found
Refreshing native plugins compatible for Editor in 0.29 ms, found 2 plugins.
Preloading 0 native plugins for Editor in 0.00 ms.
Mono: successfully reloaded assembly
- Completed reload, in  0.588 seconds
Domain Reload Profiling:
	ReloadAssembly (588ms)
		BeginReloadAssembly (84ms)
			ExecutionOrderSort (0ms)
			DisableScriptedObjects (4ms)
			BackupInstance (0ms)
			ReleaseScriptingObjects (0ms)
			CreateAndSetChildDomain (16ms)
		EndReloadAssembly (428ms)
			LoadAssemblies (56ms)
			RebuildTransferFunctionScriptingTraits (0ms)
			SetupTypeCache (123ms)
			ReleaseScriptCaches (0ms)
			RebuildScriptCaches (28ms)
			SetupLoadedEditorAssemblies (200ms)
				LogAssemblyErrors (0ms)
				InitializePlatformSupportModulesInManaged (13ms)
				SetLoadedEditorAssemblies (0ms)
				RefreshPlugins (0ms)
				BeforeProcessingInitializeOnLoad (33ms)
				ProcessInitializeOnLoadAttributes (132ms)
				ProcessInitializeOnLoadMethodAttributes (16ms)
				AfterProcessingInitializeOnLoad (4ms)
				EditorAssembliesLoaded (0ms)
			ExecutionOrderSort2 (0ms)
			AwakeInstancesAfterBackupRestoration (4ms)
Platform modules already initialized, skipping
========================================================================
Worker process is ready to serve import requests
Launched and connected shader compiler UnityShaderCompiler.exe after 0.03 seconds
Refreshing native plugins compatible for Editor in 0.38 ms, found 2 plugins.
Preloading 0 native plugins for Editor in 0.00 ms.
Unloading 1445 Unused Serialized files (Serialized files now loaded: 0)
Unloading 15 unused Assets / (30.2 KB). Loaded Objects now: 1922.
Memory consumption went from 70.4 MB to 70.3 MB.
Total: 2.597700 ms (FindLiveObjects: 0.102200 ms CreateObjectMapping: 0.025600 ms MarkObjects: 2.439600 ms  DeleteObjects: 0.029400 ms)

AssetImportParameters requested are different than current active one (requested -> active):
  custom:video-decoder-ogg-theora: a1e56fd34408186e4bbccfd4996cb3dc -> 
  custom:container-muxer-webm: aa71ff27fc2769a1b78a27578f13a17b -> 
  custom:container-demuxer-webm: 4f35f7cbe854078d1ac9338744f61a02 -> 
  custom:video-encoder-webm-vp8: eb34c28f22e8b96e1ab97ce403110664 -> 
  custom:audio-encoder-webm-vorbis: bf7c407c2cedff20999df2af8eb42d56 -> 
  custom:framework-win-MediaFoundation: 216162199b28c13a410421893ffa2e32 -> 
  custom:container-demuxer-ogg: 62fdf1f143b41e24485cea50d1cbac27 -> 
  custom:video-decoder-webm-vp8: 9c59270c3fd7afecdb556c50c9e8de78 -> 
  custom:audio-decoder-ogg-vorbis: bf7c407c2cedff20999df2af8eb42d56 -> 
========================================================================
Received Import Request.
  Time since last request: 16815.081925 seconds.
  path: Packages/com.unity.collab-proxy/Editor/PlasticSCM/Assets/Images/xlink.png
  artifactKey: Guid(556a2f3b046024d4c9621c1b4be5f0c1) Importer(815301076,1909f56bfc062723c751e8b465ee728b)
Start importing Packages/com.unity.collab-proxy/Editor/PlasticSCM/Assets/Images/xlink.png using Guid(556a2f3b046024d4c9621c1b4be5f0c1) Importer(815301076,1909f56bfc062723c751e8b465ee728b)  -> (artifact id: '421018708a62514fd64cccee33040a96') in 0.086551 seconds 
========================================================================
Received Import Request.
  Time since last request: 7.222452 seconds.
  path: Packages/com.unity.collab-proxy/Editor/PlasticSCM/Assets/Images/stepok.png
  artifactKey: Guid(d4780dc1205c7c7478c970d8c61d24e8) Importer(815301076,1909f56bfc062723c751e8b465ee728b)
Start importing Packages/com.unity.collab-proxy/Editor/PlasticSCM/Assets/Images/stepok.png using Guid(d4780dc1205c7c7478c970d8c61d24e8) Importer(815301076,1909f56bfc062723c751e8b465ee728b)  -> (artifact id: '9a4cc4c70968f2d16c85dfecdcc3a534') in 0.023108 seconds 
========================================================================
Received Import Request.
  Time since last request: 0.000017 seconds.
  path: Packages/com.unity.collab-proxy/Editor/PlasticSCM/Assets/Images/step3.png
  artifactKey: Guid(69899ed144c8eea4baea48b858b37746) Importer(815301076,1909f56bfc062723c751e8b465ee728b)
Start importing Packages/com.unity.collab-proxy/Editor/PlasticSCM/Assets/Images/step3.png using Guid(69899ed144c8eea4baea48b858b37746) Importer(815301076,1909f56bfc062723c751e8b465ee728b)  -> (artifact id: '5aeb8b82f66f4dfd6af850750065842d') in 0.020248 seconds 
========================================================================
Received Import Request.
  Time since last request: 0.058705 seconds.
  path: Packages/com.unity.collab-proxy/Editor/PlasticSCM/Assets/Images/step2.png
  artifactKey: Guid(cd0b17b71a5c498428ee91dee8a78a88) Importer(815301076,1909f56bfc062723c751e8b465ee728b)
Start importing Packages/com.unity.collab-proxy/Editor/PlasticSCM/Assets/Images/step2.png using Guid(cd0b17b71a5c498428ee91dee8a78a88) Importer(815301076,1909f56bfc062723c751e8b465ee728b)  -> (artifact id: '0187da093f35bc06bce40dd4063fcdb9') in 0.035090 seconds 
========================================================================
Received Import Request.
  Time since last request: 0.145310 seconds.
  path: Packages/com.unity.collab-proxy/Editor/PlasticSCM/Assets/Images/step1.png
  artifactKey: Guid(9ce84ff0fdeb13d4a83f077d075dd9a5) Importer(815301076,1909f56bfc062723c751e8b465ee728b)
Start importing Packages/com.unity.collab-proxy/Editor/PlasticSCM/Assets/Images/step1.png using Guid(9ce84ff0fdeb13d4a83f077d075dd9a5) Importer(815301076,1909f56bfc062723c751e8b465ee728b)  -> (artifact id: 'ea12852cfe86a65b2578bc7d9d608a88') in 0.012609 seconds 
========================================================================
Received Import Request.
  Time since last request: 2.369625 seconds.
  path: Packages/com.unity.2d.sprite/Editor/ObjectMenuCreation/DefaultAssets/Textures/SquareWithBorder.png
  artifactKey: Guid(db750325989564987a34393247d883b4) Importer(815301076,1909f56bfc062723c751e8b465ee728b)
Start importing Packages/com.unity.2d.sprite/Editor/ObjectMenuCreation/DefaultAssets/Textures/SquareWithBorder.png using Guid(db750325989564987a34393247d883b4) Importer(815301076,1909f56bfc062723c751e8b465ee728b)  -> (artifact id: '519254d8889a094dd9cfdfe2dcdb23c2') in 0.019494 seconds 
========================================================================
Received Import Request.
  Time since last request: 0.202490 seconds.
  path: Assets/Textures/Skills/Skillslot.png
  artifactKey: Guid(b7933accbbfcd4cbd829b8ba4b060d23) Importer(815301076,1909f56bfc062723c751e8b465ee728b)
Start importing Assets/Textures/Skills/Skillslot.png using Guid(b7933accbbfcd4cbd829b8ba4b060d23) Importer(815301076,1909f56bfc062723c751e8b465ee728b)  -> (artifact id: '230533a7d6c760426ecde0e8ccb5f424') in 0.029287 seconds 
========================================================================
Received Import Request.
  Time since last request: 6.944860 seconds.
  path: Packages/com.unity.collab-proxy/Editor/PlasticSCM/Assets/Images/secondarytabclose.png
  artifactKey: Guid(03cefa94d5aa9d74993fb2138af9d607) Importer(815301076,1909f56bfc062723c751e8b465ee728b)
Start importing Packages/com.unity.collab-proxy/Editor/PlasticSCM/Assets/Images/secondarytabclose.png using Guid(03cefa94d5aa9d74993fb2138af9d607) Importer(815301076,1909f56bfc062723c751e8b465ee728b)  -> (artifact id: '092bd27c6be53c1c54022d375fe47c8a') in 0.012833 seconds 
========================================================================
Received Import Request.
  Time since last request: 2.457424 seconds.
  path: Packages/com.unity.collab-proxy/Editor/PlasticSCM/Assets/Images/refresh.png
  artifactKey: Guid(6f6a4c6bd7cdc654d9d91f7de72afcb6) Importer(815301076,1909f56bfc062723c751e8b465ee728b)
Start importing Packages/com.unity.collab-proxy/Editor/PlasticSCM/Assets/Images/refresh.png using Guid(6f6a4c6bd7cdc654d9d91f7de72afcb6) Importer(815301076,1909f56bfc062723c751e8b465ee728b)  -> (artifact id: 'cc3265e3c4aee77e180e9bcc58292a5e') in 0.016883 seconds 
========================================================================
Received Import Request.
  Time since last request: 1.726974 seconds.
  path: Packages/com.unity.collab-proxy/Editor/PlasticSCM/Assets/Images/ignoredoverlay@2x.png
  artifactKey: Guid(999d04c0ea94ccc41b3d80788160695b) Importer(815301076,1909f56bfc062723c751e8b465ee728b)
Start importing Packages/com.unity.collab-proxy/Editor/PlasticSCM/Assets/Images/ignoredoverlay@2x.png using Guid(999d04c0ea94ccc41b3d80788160695b) Importer(815301076,1909f56bfc062723c751e8b465ee728b)  -> (artifact id: '792714e3efc670e19ebd47eacc545925') in 0.026099 seconds 
========================================================================
Received Import Request.
  Time since last request: 0.000018 seconds.
  path: Packages/com.unity.collab-proxy/Editor/PlasticSCM/Assets/Images/iconcheckedoutlocaloverlay@2x.png
  artifactKey: Guid(3999034958d54364da380a8839a11050) Importer(815301076,1909f56bfc062723c751e8b465ee728b)
Start importing Packages/com.unity.collab-proxy/Editor/PlasticSCM/Assets/Images/iconcheckedoutlocaloverlay@2x.png using Guid(3999034958d54364da380a8839a11050) Importer(815301076,1909f56bfc062723c751e8b465ee728b)  -> (artifact id: '7e2e06d2dd490096ea91cd306f084fd1') in 0.016710 seconds 
========================================================================
Received Import Request.
  Time since last request: 0.000017 seconds.
  path: Packages/com.unity.collab-proxy/Editor/PlasticSCM/Assets/Images/iconoutofsync.png
  artifactKey: Guid(636d03a8834e3ed4cac3a1cb4b82deaf) Importer(815301076,1909f56bfc062723c751e8b465ee728b)
Start importing Packages/com.unity.collab-proxy/Editor/PlasticSCM/Assets/Images/iconoutofsync.png using Guid(636d03a8834e3ed4cac3a1cb4b82deaf) Importer(815301076,1909f56bfc062723c751e8b465ee728b)  -> (artifact id: 'd9e85011a41401bea01b8019b25b58b6') in 0.016527 seconds 
========================================================================
Received Import Request.
  Time since last request: 0.000021 seconds.
  path: Packages/com.unity.collab-proxy/Editor/PlasticSCM/Assets/Images/iconconflictedoverlay@2x.png
  artifactKey: Guid(5679a74364f6b4440ab7e7aed55cd95e) Importer(815301076,1909f56bfc062723c751e8b465ee728b)
Start importing Packages/com.unity.collab-proxy/Editor/PlasticSCM/Assets/Images/iconconflictedoverlay@2x.png using Guid(5679a74364f6b4440ab7e7aed55cd95e) Importer(815301076,1909f56bfc062723c751e8b465ee728b)  -> (artifact id: 'b6d591368e6d15b59b5fe0935054826e') in 0.025902 seconds 
========================================================================
Received Import Request.
  Time since last request: 0.000019 seconds.
  path: Assets/Icons/Free Flat Hat Split ENW Icon.png
  artifactKey: Guid(379bea2ed4d8a5045b698b8f260be4e3) Importer(815301076,1909f56bfc062723c751e8b465ee728b)
Start importing Assets/Icons/Free Flat Hat Split ENW Icon.png using Guid(379bea2ed4d8a5045b698b8f260be4e3) Importer(815301076,1909f56bfc062723c751e8b465ee728b)  -> (artifact id: 'daea55aabc72c4932aefc11f85cde8f4') in 0.018984 seconds 
========================================================================
Received Import Request.
  Time since last request: 0.000018 seconds.
  path: Assets/Icons/Free Flat Hat Solid S Icon.png
  artifactKey: Guid(90f33ae65fc362b438a11b10ef464599) Importer(815301076,1909f56bfc062723c751e8b465ee728b)
Start importing Assets/Icons/Free Flat Hat Solid S Icon.png using Guid(90f33ae65fc362b438a11b10ef464599) Importer(815301076,1909f56bfc062723c751e8b465ee728b)  -> (artifact id: 'a39bc423b25dbe6fe967d1a071d25885') in 0.015830 seconds 
========================================================================
Received Import Request.
  Time since last request: 0.000014 seconds.
  path: Assets/Icons/Free Flat Volume 3 Icon.png
  artifactKey: Guid(e153e7320d1c3b247b8dd9913128265a) Importer(815301076,1909f56bfc062723c751e8b465ee728b)
Start importing Assets/Icons/Free Flat Volume 3 Icon.png using Guid(e153e7320d1c3b247b8dd9913128265a) Importer(815301076,1909f56bfc062723c751e8b465ee728b)  -> (artifact id: 'fdcd8ace73cf56153d9e7e95011ee353') in 0.017829 seconds 
========================================================================
Received Import Request.
  Time since last request: 0.000020 seconds.
  path: Packages/com.unity.collab-proxy/Editor/PlasticSCM/Assets/Images/d_iconprivateoverlay.png
  artifactKey: Guid(059fb5367594a3343814dc25ace454b3) Importer(815301076,1909f56bfc062723c751e8b465ee728b)
Start importing Packages/com.unity.collab-proxy/Editor/PlasticSCM/Assets/Images/d_iconprivateoverlay.png using Guid(059fb5367594a3343814dc25ace454b3) Importer(815301076,1909f56bfc062723c751e8b465ee728b)  -> (artifact id: '17907e90d47628d7126c5a62bf29f5b4') in 0.016717 seconds 
========================================================================
Received Import Request.
  Time since last request: 0.000840 seconds.
  path: Packages/com.unity.collab-proxy/Editor/PlasticSCM/Assets/Images/d_ignoredoverlay.png
  artifactKey: Guid(0f5597de928ba6547895c4cdb9fa4185) Importer(815301076,1909f56bfc062723c751e8b465ee728b)
Start importing Packages/com.unity.collab-proxy/Editor/PlasticSCM/Assets/Images/d_ignoredoverlay.png using Guid(0f5597de928ba6547895c4cdb9fa4185) Importer(815301076,1909f56bfc062723c751e8b465ee728b)  -> (artifact id: 'c1c3eb25e0a92a825117f2d546151742') in 0.014518 seconds 
========================================================================
Received Import Request.
  Time since last request: 0.000021 seconds.
  path: Assets/Icons/Free Flat Bag 1 Icon.png
  artifactKey: Guid(09ff2c9da44bcb740befe466a832c257) Importer(815301076,1909f56bfc062723c751e8b465ee728b)
Start importing Assets/Icons/Free Flat Bag 1 Icon.png using Guid(09ff2c9da44bcb740befe466a832c257) Importer(815301076,1909f56bfc062723c751e8b465ee728b)  -> (artifact id: '92e885a4595a81c5d74b7cf65542b923') in 0.017967 seconds 
========================================================================
Received Import Request.
  Time since last request: 0.000014 seconds.
  path: Packages/com.unity.collab-proxy/Editor/PlasticSCM/Assets/Images/d_iconcheckedoutlocaloverlay.png
  artifactKey: Guid(bb1928aff4fd4cf44af1f629dc14ef9b) Importer(815301076,1909f56bfc062723c751e8b465ee728b)
Start importing Packages/com.unity.collab-proxy/Editor/PlasticSCM/Assets/Images/d_iconcheckedoutlocaloverlay.png using Guid(bb1928aff4fd4cf44af1f629dc14ef9b) Importer(815301076,1909f56bfc062723c751e8b465ee728b)  -> (artifact id: '8da969c417f1d034a46bcba6e397ca92') in 0.014819 seconds 
========================================================================
Received Import Request.
  Time since last request: 0.000039 seconds.
  path: Assets/Icons/Free Flat Button Solid Cross Icon.png
  artifactKey: Guid(02b95ae4605dbb948aa440a62175c40e) Importer(815301076,1909f56bfc062723c751e8b465ee728b)
Start importing Assets/Icons/Free Flat Button Solid Cross Icon.png using Guid(02b95ae4605dbb948aa440a62175c40e) Importer(815301076,1909f56bfc062723c751e8b465ee728b)  -> (artifact id: '3509d75862ac33b96bdc9fbbe7e3c397') in 0.017163 seconds 
========================================================================
Received Import Request.
  Time since last request: 0.000013 seconds.
  path: Packages/com.unity.collab-proxy/Editor/PlasticSCM/Assets/Images/d_iconbranch@2x.png
  artifactKey: Guid(874d8401331ede14087e8d8d486ddda6) Importer(815301076,1909f56bfc062723c751e8b465ee728b)
Start importing Packages/com.unity.collab-proxy/Editor/PlasticSCM/Assets/Images/d_iconbranch@2x.png using Guid(874d8401331ede14087e8d8d486ddda6) Importer(815301076,1909f56bfc062723c751e8b465ee728b)  -> (artifact id: 'd78c099dd7d7deacddccedf25e4c8404') in 0.017691 seconds 
========================================================================
Received Import Request.
  Time since last request: 0.000024 seconds.
  path: Packages/com.unity.collab-proxy/Editor/PlasticSCM/Assets/Images/iconbranch@2x.png
  artifactKey: Guid(e45389a8a97044d4caf408f252370632) Importer(815301076,1909f56bfc062723c751e8b465ee728b)
Start importing Packages/com.unity.collab-proxy/Editor/PlasticSCM/Assets/Images/iconbranch@2x.png using Guid(e45389a8a97044d4caf408f252370632) Importer(815301076,1909f56bfc062723c751e8b465ee728b)  -> (artifact id: 'fabab38892cb8a2efea44c8fd063c2a8') in 0.016135 seconds 
========================================================================
Received Import Request.
  Time since last request: 0.000024 seconds.
  path: Packages/com.unity.collab-proxy/Editor/PlasticSCM/Assets/Images/iconplastic.png
  artifactKey: Guid(3042b019b052942a1baf7aa49d7ca6bb) Importer(815301076,1909f56bfc062723c751e8b465ee728b)
Start importing Packages/com.unity.collab-proxy/Editor/PlasticSCM/Assets/Images/iconplastic.png using Guid(3042b019b052942a1baf7aa49d7ca6bb) Importer(815301076,1909f56bfc062723c751e8b465ee728b)  -> (artifact id: '1268fa8446b497cf24975c7f342d843d') in 0.019912 seconds 
========================================================================
Received Import Request.
  Time since last request: 0.000015 seconds.
  path: Packages/com.unity.collab-proxy/Editor/PlasticSCM/Assets/Images/iconconflicted.png
  artifactKey: Guid(d1c88f142eee55b4eb2b2cfd7b3624ce) Importer(815301076,1909f56bfc062723c751e8b465ee728b)
Start importing Packages/com.unity.collab-proxy/Editor/PlasticSCM/Assets/Images/iconconflicted.png using Guid(d1c88f142eee55b4eb2b2cfd7b3624ce) Importer(815301076,1909f56bfc062723c751e8b465ee728b)  -> (artifact id: 'a8474909c2617a874345acc1ff0477f9') in 0.013419 seconds 
========================================================================
Received Import Request.
  Time since last request: 0.000018 seconds.
  path: Assets/Icons/Free Flat Battery No Dash Icon.png
  artifactKey: Guid(ba2f65608a2209040afff27eab9cece5) Importer(815301076,1909f56bfc062723c751e8b465ee728b)
Start importing Assets/Icons/Free Flat Battery No Dash Icon.png using Guid(ba2f65608a2209040afff27eab9cece5) Importer(815301076,1909f56bfc062723c751e8b465ee728b)  -> (artifact id: 'a9495d2f3832a399034b0bd0fabf0f8d') in 0.015902 seconds 
========================================================================
Received Import Request.
  Time since last request: 0.000017 seconds.
  path: Packages/com.unity.collab-proxy/Editor/PlasticSCM/Assets/Images/iconconflicted@2x.png
  artifactKey: Guid(f95f697d66d238446b1ab717def09945) Importer(815301076,1909f56bfc062723c751e8b465ee728b)
Start importing Packages/com.unity.collab-proxy/Editor/PlasticSCM/Assets/Images/iconconflicted@2x.png using Guid(f95f697d66d238446b1ab717def09945) Importer(815301076,1909f56bfc062723c751e8b465ee728b)  -> (artifact id: '37ccd29548d40bf20f568e616703bc22') in 0.015666 seconds 
========================================================================
Received Import Request.
  Time since last request: 0.000015 seconds.
  path: Assets/99. Resource/JMO Assets/Cartoon FX Remaster/CFXR Assets/Misc/cfxr font WashYourHand.png
  artifactKey: Guid(09e4c6a7d75923945afe43953ef58ad2) Importer(815301076,1909f56bfc062723c751e8b465ee728b)
Start importing Assets/99. Resource/JMO Assets/Cartoon FX Remaster/CFXR Assets/Misc/cfxr font WashYourHand.png using Guid(09e4c6a7d75923945afe43953ef58ad2) Importer(815301076,1909f56bfc062723c751e8b465ee728b)  -> (artifact id: '059b52998a3aadce93f442aecc58e381') in 0.169020 seconds 
========================================================================
Received Import Request.
  Time since last request: 0.000023 seconds.
  path: Assets/Textures/Skills/77-Storm-Path.png
  artifactKey: Guid(a65312b014ecf4b4b9b62bd2866a268c) Importer(815301076,1909f56bfc062723c751e8b465ee728b)
Start importing Assets/Textures/Skills/77-Storm-Path.png using Guid(a65312b014ecf4b4b9b62bd2866a268c) Importer(815301076,1909f56bfc062723c751e8b465ee728b)  -> (artifact id: 'cb688f3606f7923eff6da36d54aad76f') in 0.022175 seconds 
========================================================================
Received Import Request.
  Time since last request: 0.000044 seconds.
  path: Assets/Textures/Skills/132-Counter-Attack.png
  artifactKey: Guid(0de4843180c7f47d58f676d3bdc27881) Importer(815301076,1909f56bfc062723c751e8b465ee728b)
Start importing Assets/Textures/Skills/132-Counter-Attack.png using Guid(0de4843180c7f47d58f676d3bdc27881) Importer(815301076,1909f56bfc062723c751e8b465ee728b)  -> (artifact id: '3fe5b4b3ccf9721344d94dc84e15a59f') in 0.021308 seconds 
========================================================================
Received Import Request.
  Time since last request: 0.000016 seconds.
  path: Assets/Icons/Free Flat Button Solid Right 2 Icon.png
  artifactKey: Guid(33cd37725f2325248af5a05d1ebac12c) Importer(815301076,1909f56bfc062723c751e8b465ee728b)
Start importing Assets/Icons/Free Flat Button Solid Right 2 Icon.png using Guid(33cd37725f2325248af5a05d1ebac12c) Importer(815301076,1909f56bfc062723c751e8b465ee728b)  -> (artifact id: '6b779dc25861b25a7496b7367ff7a801') in 0.017308 seconds 
========================================================================
Received Import Request.
  Time since last request: 0.000020 seconds.
  path: Packages/com.unity.collab-proxy/Editor/PlasticSCM/Assets/Images/d_iconplasticview@2x.png
  artifactKey: Guid(3168140d6f409d0448447f18568d9482) Importer(815301076,1909f56bfc062723c751e8b465ee728b)
Start importing Packages/com.unity.collab-proxy/Editor/PlasticSCM/Assets/Images/d_iconplasticview@2x.png using Guid(3168140d6f409d0448447f18568d9482) Importer(815301076,1909f56bfc062723c751e8b465ee728b)  -> (artifact id: 'dc257d54f7b88f96884322a958c517a2') in 0.015936 seconds 
========================================================================
Received Import Request.
  Time since last request: 0.000027 seconds.
  path: Assets/Icons/Free Flat Banner Icon.png
  artifactKey: Guid(a23c0d0f5384d9f43b834cdea5621314) Importer(815301076,1909f56bfc062723c751e8b465ee728b)
Start importing Assets/Icons/Free Flat Banner Icon.png using Guid(a23c0d0f5384d9f43b834cdea5621314) Importer(815301076,1909f56bfc062723c751e8b465ee728b)  -> (artifact id: 'e30a1e13f69f8cb59541ef80be544d41') in 0.016951 seconds 
========================================================================
Received Import Request.
  Time since last request: 0.000018 seconds.
  path: Packages/com.unity.collab-proxy/Editor/PlasticSCM/Assets/Images/iconoutofsyncoverlay@2x.png
  artifactKey: Guid(3728580c149181a44b359e89f6edacae) Importer(815301076,1909f56bfc062723c751e8b465ee728b)
Start importing Packages/com.unity.collab-proxy/Editor/PlasticSCM/Assets/Images/iconoutofsyncoverlay@2x.png using Guid(3728580c149181a44b359e89f6edacae) Importer(815301076,1909f56bfc062723c751e8b465ee728b)  -> (artifact id: 'd27aca3962070b9c51aef301e1d0be1e') in 0.014646 seconds 
========================================================================
Received Import Request.
  Time since last request: 0.000025 seconds.
  path: Assets/99. Resource/JMO Assets/Cartoon FX (legacy)/Demo/UI Canvas/CFX Demo Btn Arrow.png
  artifactKey: Guid(6ca93523b0317c242b05932fedb07cb3) Importer(815301076,1909f56bfc062723c751e8b465ee728b)
Start importing Assets/99. Resource/JMO Assets/Cartoon FX (legacy)/Demo/UI Canvas/CFX Demo Btn Arrow.png using Guid(6ca93523b0317c242b05932fedb07cb3) Importer(815301076,1909f56bfc062723c751e8b465ee728b)  -> (artifact id: '53d6ee558e8754335fb3e555a07c8a9b') in 0.014761 seconds 
========================================================================
Received Import Request.
  Time since last request: 0.000028 seconds.
  path: Packages/com.unity.collab-proxy/Editor/PlasticSCM/Assets/Images/d_iconbranch.png
  artifactKey: Guid(612c5e166a121e3449dad067fbdc37a4) Importer(815301076,1909f56bfc062723c751e8b465ee728b)
Start importing Packages/com.unity.collab-proxy/Editor/PlasticSCM/Assets/Images/d_iconbranch.png using Guid(612c5e166a121e3449dad067fbdc37a4) Importer(815301076,1909f56bfc062723c751e8b465ee728b)  -> (artifact id: '8c93878737e9d1be8c2e67a2fe087ce1') in 0.012596 seconds 
========================================================================
Received Import Request.
  Time since last request: 0.000027 seconds.
  path: Packages/com.unity.collab-proxy/Editor/PlasticSCM/Assets/Images/d_iconplasticnotifyincoming@2x.png
  artifactKey: Guid(c5fc116b3271b5947808130b2212cd60) Importer(815301076,1909f56bfc062723c751e8b465ee728b)
Start importing Packages/com.unity.collab-proxy/Editor/PlasticSCM/Assets/Images/d_iconplasticnotifyincoming@2x.png using Guid(c5fc116b3271b5947808130b2212cd60) Importer(815301076,1909f56bfc062723c751e8b465ee728b)  -> (artifact id: '5b84e3e11a56f7c5863ff80597f7e963') in 0.018368 seconds 
========================================================================
Received Import Request.
  Time since last request: 0.000018 seconds.
  path: Assets/Textures/Skills/117-Empower.png
  artifactKey: Guid(e1975cbea357b484f99f95249a50d4db) Importer(815301076,1909f56bfc062723c751e8b465ee728b)
Start importing Assets/Textures/Skills/117-Empower.png using Guid(e1975cbea357b484f99f95249a50d4db) Importer(815301076,1909f56bfc062723c751e8b465ee728b)  -> (artifact id: '4035390f1d9a1e7e60a1761b1f1e257e') in 0.019651 seconds 
========================================================================
Received Import Request.
  Time since last request: 0.000017 seconds.
  path: Packages/com.unity.collab-proxy/Editor/PlasticSCM/Assets/Images/buttonssosigninemail.png
  artifactKey: Guid(d24e7e0b75e1a244bb9687d6fd4315ef) Importer(815301076,1909f56bfc062723c751e8b465ee728b)
Start importing Packages/com.unity.collab-proxy/Editor/PlasticSCM/Assets/Images/buttonssosigninemail.png using Guid(d24e7e0b75e1a244bb9687d6fd4315ef) Importer(815301076,1909f56bfc062723c751e8b465ee728b)  -> (artifact id: '2d2ecdb79a9555720528198dc2b1e034') in 0.016456 seconds 
========================================================================
Received Import Request.
  Time since last request: 0.000016 seconds.
  path: Assets/99. Resource/JMO Assets/Cartoon FX Remaster/CFXR Assets/Misc/cfxr font AmazGoDaBold.png
  artifactKey: Guid(7ab74e659e1f0a34d9cfec21c478fc12) Importer(815301076,1909f56bfc062723c751e8b465ee728b)
Start importing Assets/99. Resource/JMO Assets/Cartoon FX Remaster/CFXR Assets/Misc/cfxr font AmazGoDaBold.png using Guid(7ab74e659e1f0a34d9cfec21c478fc12) Importer(815301076,1909f56bfc062723c751e8b465ee728b)  -> (artifact id: 'a1f5a6a1331736a22856b50ab3d1f15f') in 0.145528 seconds 
========================================================================
Received Import Request.
  Time since last request: 0.000021 seconds.
  path: Assets/Textures/Skills/135-Bulletproof.png
  artifactKey: Guid(766686793cc92444db6e8e6f7c37a238) Importer(815301076,1909f56bfc062723c751e8b465ee728b)
Start importing Assets/Textures/Skills/135-Bulletproof.png using Guid(766686793cc92444db6e8e6f7c37a238) Importer(815301076,1909f56bfc062723c751e8b465ee728b)  -> (artifact id: '323512934bc93973dc0c8b84b85e8361') in 0.016499 seconds 
========================================================================
Received Import Request.
  Time since last request: 0.000032 seconds.
  path: Assets/Textures/Skills/129-Throw-Spear.png
  artifactKey: Guid(e86c94d6498544255ba708eb4b975121) Importer(815301076,1909f56bfc062723c751e8b465ee728b)
Start importing Assets/Textures/Skills/129-Throw-Spear.png using Guid(e86c94d6498544255ba708eb4b975121) Importer(815301076,1909f56bfc062723c751e8b465ee728b)  -> (artifact id: '066100a6dc6ce6f80f7afb172692bc7b') in 0.018320 seconds 
========================================================================
Received Import Request.
  Time since last request: 0.000018 seconds.
  path: Assets/Textures/Skills/78-Taunt.png
  artifactKey: Guid(e75d9d4c30c8b41c09846ad70007862e) Importer(815301076,1909f56bfc062723c751e8b465ee728b)
Start importing Assets/Textures/Skills/78-Taunt.png using Guid(e75d9d4c30c8b41c09846ad70007862e) Importer(815301076,1909f56bfc062723c751e8b465ee728b)  -> (artifact id: '244a24a4096b2fea7fa557a72a46d13c') in 0.021410 seconds 
========================================================================
Received Import Request.
  Time since last request: 0.000018 seconds.
  path: Assets/Icons/Free Flat Hat Split Blank Icon.png
  artifactKey: Guid(91e3f51b2db613346a2e4c0f13d4dc7d) Importer(815301076,1909f56bfc062723c751e8b465ee728b)
Start importing Assets/Icons/Free Flat Hat Split Blank Icon.png using Guid(91e3f51b2db613346a2e4c0f13d4dc7d) Importer(815301076,1909f56bfc062723c751e8b465ee728b)  -> (artifact id: 'f5c4ca855c4b454a795161611142761b') in 0.015042 seconds 
========================================================================
Received Import Request.
  Time since last request: 0.000019 seconds.
  path: Assets/Icons/Free Flat Award Icon.png
  artifactKey: Guid(879eb3196bae02649b9360b472267f9d) Importer(815301076,1909f56bfc062723c751e8b465ee728b)
Start importing Assets/Icons/Free Flat Award Icon.png using Guid(879eb3196bae02649b9360b472267f9d) Importer(815301076,1909f56bfc062723c751e8b465ee728b)  -> (artifact id: '0ed75b47e22f9bc2d08f80c0c5071509') in 0.017711 seconds 
========================================================================
Received Import Request.
  Time since last request: 0.000018 seconds.
  path: Assets/Textures/Skills/55-Patience.png
  artifactKey: Guid(390fc2a0b23d845a59c0ed526992fda5) Importer(815301076,1909f56bfc062723c751e8b465ee728b)
Start importing Assets/Textures/Skills/55-Patience.png using Guid(390fc2a0b23d845a59c0ed526992fda5) Importer(815301076,1909f56bfc062723c751e8b465ee728b)  -> (artifact id: '9514ac5e69d74166c42c9b6910391abd') in 0.017791 seconds 
========================================================================
Received Import Request.
  Time since last request: 0.000023 seconds.
  path: Assets/Textures/Skills/114-Charm.png
  artifactKey: Guid(45d95539e66b24ff597d092acdaeac23) Importer(815301076,1909f56bfc062723c751e8b465ee728b)
Start importing Assets/Textures/Skills/114-Charm.png using Guid(45d95539e66b24ff597d092acdaeac23) Importer(815301076,1909f56bfc062723c751e8b465ee728b)  -> (artifact id: '9848bc6e6b690d303376a2ba54722d4d') in 0.020010 seconds 
========================================================================
Received Import Request.
  Time since last request: 0.000022 seconds.
  path: Packages/com.unity.collab-proxy/Editor/PlasticSCM/Assets/Images/icondeleted.png
  artifactKey: Guid(77a39e873655d3c4b93d0b7696397b83) Importer(815301076,1909f56bfc062723c751e8b465ee728b)
Start importing Packages/com.unity.collab-proxy/Editor/PlasticSCM/Assets/Images/icondeleted.png using Guid(77a39e873655d3c4b93d0b7696397b83) Importer(815301076,1909f56bfc062723c751e8b465ee728b)  -> (artifact id: '2aab6046f4607975f058a951c59603e9') in 0.015530 seconds 
========================================================================
Received Import Request.
  Time since last request: 0.000019 seconds.
  path: Assets/Icons/Free Flat Arrow Curved Right 1 Icon.png
  artifactKey: Guid(b938362154adb7647b816e89388f2492) Importer(815301076,1909f56bfc062723c751e8b465ee728b)
Start importing Assets/Icons/Free Flat Arrow Curved Right 1 Icon.png using Guid(b938362154adb7647b816e89388f2492) Importer(815301076,1909f56bfc062723c751e8b465ee728b)  -> (artifact id: '8ce8028806dfd4c9967bd15312b01d26') in 0.018449 seconds 
========================================================================
Received Import Request.
  Time since last request: 0.000018 seconds.
  path: Assets/Icons/Free Flat Volume 5 Icon.png
  artifactKey: Guid(052913ff636054540b70d52173eccf89) Importer(815301076,1909f56bfc062723c751e8b465ee728b)
Start importing Assets/Icons/Free Flat Volume 5 Icon.png using Guid(052913ff636054540b70d52173eccf89) Importer(815301076,1909f56bfc062723c751e8b465ee728b)  -> (artifact id: 'fccbe347f95f2990cd5fcab1974c5f43') in 0.018734 seconds 
========================================================================
Received Import Request.
  Time since last request: 0.000013 seconds.
  path: Assets/Textures/Skills/76-Shove-Stab.png
  artifactKey: Guid(cf8fbf2de1b1b4d2dabcb7682d8ba460) Importer(815301076,1909f56bfc062723c751e8b465ee728b)
Start importing Assets/Textures/Skills/76-Shove-Stab.png using Guid(cf8fbf2de1b1b4d2dabcb7682d8ba460) Importer(815301076,1909f56bfc062723c751e8b465ee728b)  -> (artifact id: '4565fddcf8c59d4384e1c7d6485873c0') in 0.019586 seconds 
========================================================================
Received Import Request.
  Time since last request: 0.715893 seconds.
  path: Packages/com.unity.2d.sprite/Editor/ObjectMenuCreation/DefaultAssets/Textures/9-SlicedWithBorder.png
  artifactKey: Guid(cc35afd292fc349128b36a291fb3a165) Importer(815301076,1909f56bfc062723c751e8b465ee728b)
Start importing Packages/com.unity.2d.sprite/Editor/ObjectMenuCreation/DefaultAssets/Textures/9-SlicedWithBorder.png using Guid(cc35afd292fc349128b36a291fb3a165) Importer(815301076,1909f56bfc062723c751e8b465ee728b)  -> (artifact id: '3baba3f28e549a61aeca86cc0ab4ae2d') in 0.015511 seconds 
========================================================================
Received Import Request.
  Time since last request: 180.623756 seconds.
  path: Assets/Textures/Skills/57-Poison-Arrow.png
  artifactKey: Guid(961c83116b5884f3ca38ce56ab894a40) Importer(815301076,1909f56bfc062723c751e8b465ee728b)
Start importing Assets/Textures/Skills/57-Poison-Arrow.png using Guid(961c83116b5884f3ca38ce56ab894a40) Importer(815301076,1909f56bfc062723c751e8b465ee728b)  -> (artifact id: '5b4bebb8157cd1fe6031f7c112d0f113') in 0.061752 seconds 
========================================================================
Received Import Request.
  Time since last request: 0.000016 seconds.
  path: Assets/Textures/Skills/65-Provoking-Roar.png
  artifactKey: Guid(87cb80b28a26948bab802db554863a96) Importer(815301076,1909f56bfc062723c751e8b465ee728b)
Start importing Assets/Textures/Skills/65-Provoking-Roar.png using Guid(87cb80b28a26948bab802db554863a96) Importer(815301076,1909f56bfc062723c751e8b465ee728b)  -> (artifact id: 'f3f0e7f3c263a81617a46bf6a3d1e62e') in 0.094875 seconds 
========================================================================
Received Import Request.
  Time since last request: 0.000020 seconds.
  path: Assets/Textures/Skills/68-Radius-Heal.png
  artifactKey: Guid(256de729486824db797be63853a04773) Importer(815301076,1909f56bfc062723c751e8b465ee728b)
Start importing Assets/Textures/Skills/68-Radius-Heal.png using Guid(256de729486824db797be63853a04773) Importer(815301076,1909f56bfc062723c751e8b465ee728b)  -> (artifact id: '4abb7239e5e5761ae81c39576d93b6b8') in 0.053644 seconds 
========================================================================
Received Import Request.
  Time since last request: 0.000031 seconds.
  path: Assets/Textures/Skills/66-Punch.png
  artifactKey: Guid(e27fa572065324faba5782e3abf04d0c) Importer(815301076,1909f56bfc062723c751e8b465ee728b)
Start importing Assets/Textures/Skills/66-Punch.png using Guid(e27fa572065324faba5782e3abf04d0c) Importer(815301076,1909f56bfc062723c751e8b465ee728b)  -> (artifact id: '378a0a99062c4c1b8bee0b524b86ebc3') in 0.019478 seconds 
========================================================================
Received Import Request.
  Time since last request: 0.000017 seconds.
  path: Assets/Textures/Skills/61-Poison-Ivy.png
  artifactKey: Guid(9cd41af4e897a4d74bf78fe2fce91b6e) Importer(815301076,1909f56bfc062723c751e8b465ee728b)
Start importing Assets/Textures/Skills/61-Poison-Ivy.png using Guid(9cd41af4e897a4d74bf78fe2fce91b6e) Importer(815301076,1909f56bfc062723c751e8b465ee728b)  -> (artifact id: 'fe7c02a8071f77fdb42ab0f19d88d8d9') in 0.019372 seconds 
========================================================================
Received Import Request.
  Time since last request: 0.000014 seconds.
  path: Assets/Textures/Skills/63-Power-Strike.png
  artifactKey: Guid(77fb1396afd204cba852e21347033826) Importer(815301076,1909f56bfc062723c751e8b465ee728b)
Start importing Assets/Textures/Skills/63-Power-Strike.png using Guid(77fb1396afd204cba852e21347033826) Importer(815301076,1909f56bfc062723c751e8b465ee728b)  -> (artifact id: '1be60128253d7947f2c17de2d6736a35') in 0.016582 seconds 
========================================================================
Received Import Request.
  Time since last request: 0.556079 seconds.
  path: Assets/Textures/Skills/79-Temperance.png
  artifactKey: Guid(473dd8e206ec34ac7a8519fe8309a6dd) Importer(815301076,1909f56bfc062723c751e8b465ee728b)
Start importing Assets/Textures/Skills/79-Temperance.png using Guid(473dd8e206ec34ac7a8519fe8309a6dd) Importer(815301076,1909f56bfc062723c751e8b465ee728b)  -> (artifact id: 'e9547d210bfd40182103fdd629a87027') in 0.022289 seconds 
========================================================================
Received Import Request.
  Time since last request: 0.000015 seconds.
  path: Assets/Textures/Skills/81-Time-Stop.png
  artifactKey: Guid(44d37949ad5f3400996eda2b86ce5c98) Importer(815301076,1909f56bfc062723c751e8b465ee728b)
Start importing Assets/Textures/Skills/81-Time-Stop.png using Guid(44d37949ad5f3400996eda2b86ce5c98) Importer(815301076,1909f56bfc062723c751e8b465ee728b)  -> (artifact id: 'a87cadb21dd8dbb5fbcbf165fe0e6835') in 0.019007 seconds 
========================================================================
Received Import Request.
  Time since last request: 0.000021 seconds.
  path: Assets/Textures/Skills/83-Toxic-Pollen.png
  artifactKey: Guid(3b3fba9c129394ab6a6de4e1cfd7df8a) Importer(815301076,1909f56bfc062723c751e8b465ee728b)
Start importing Assets/Textures/Skills/83-Toxic-Pollen.png using Guid(3b3fba9c129394ab6a6de4e1cfd7df8a) Importer(815301076,1909f56bfc062723c751e8b465ee728b)  -> (artifact id: '045906316f996f9f9c687a9d678027b5') in 0.018649 seconds 
========================================================================
Received Import Request.
  Time since last request: 0.165760 seconds.
  path: Assets/Textures/Skills/85-Trepidation.png
  artifactKey: Guid(deb255acb3759467cbec577957a9403e) Importer(815301076,1909f56bfc062723c751e8b465ee728b)
Start importing Assets/Textures/Skills/85-Trepidation.png using Guid(deb255acb3759467cbec577957a9403e) Importer(815301076,1909f56bfc062723c751e8b465ee728b)  -> (artifact id: '50fcc122fdb090d789c79c7924150b54') in 0.019787 seconds 
========================================================================
Received Import Request.
  Time since last request: 0.000015 seconds.
  path: Assets/Textures/Skills/97-Enchant-Flame.png
  artifactKey: Guid(a2067bf439b744448b214c4ac83360fc) Importer(815301076,1909f56bfc062723c751e8b465ee728b)
Start importing Assets/Textures/Skills/97-Enchant-Flame.png using Guid(a2067bf439b744448b214c4ac83360fc) Importer(815301076,1909f56bfc062723c751e8b465ee728b)  -> (artifact id: '64e89cad2a49be3b7c4beab618953430') in 0.021254 seconds 
========================================================================
Received Import Request.
  Time since last request: 0.000022 seconds.
  path: Assets/Textures/Skills/107-Devil-Pack.png
  artifactKey: Guid(9bc94ac83fc474d129af7e1942f50fe5) Importer(815301076,1909f56bfc062723c751e8b465ee728b)
Start importing Assets/Textures/Skills/107-Devil-Pack.png using Guid(9bc94ac83fc474d129af7e1942f50fe5) Importer(815301076,1909f56bfc062723c751e8b465ee728b)  -> (artifact id: '6a1df14a18152aec771514e7a142cc81') in 0.024464 seconds 
========================================================================
Received Import Request.
  Time since last request: 0.000036 seconds.
  path: Assets/Textures/Skills/124-Pick.png
  artifactKey: Guid(0e77e93919f1e455dbefa760bc0660de) Importer(815301076,1909f56bfc062723c751e8b465ee728b)
Start importing Assets/Textures/Skills/124-Pick.png using Guid(0e77e93919f1e455dbefa760bc0660de) Importer(815301076,1909f56bfc062723c751e8b465ee728b)  -> (artifact id: 'c3a36bff0908de24510536ed56334c3f') in 0.022556 seconds 
========================================================================
Received Import Request.
  Time since last request: 0.000025 seconds.
  path: Assets/Textures/Skills/126-Steal.png
  artifactKey: Guid(2728f77a1347547bca66ec2ed7475fd0) Importer(815301076,1909f56bfc062723c751e8b465ee728b)
Start importing Assets/Textures/Skills/126-Steal.png using Guid(2728f77a1347547bca66ec2ed7475fd0) Importer(815301076,1909f56bfc062723c751e8b465ee728b)  -> (artifact id: '65f7b7b2f6020f0220620833b15900f1') in 0.020845 seconds 
========================================================================
Received Import Request.
  Time since last request: 0.000022 seconds.
  path: Assets/Textures/Skills/123-Identify.png
  artifactKey: Guid(97539fb00100044fcb64a71eace97452) Importer(815301076,1909f56bfc062723c751e8b465ee728b)
Start importing Assets/Textures/Skills/123-Identify.png using Guid(97539fb00100044fcb64a71eace97452) Importer(815301076,1909f56bfc062723c751e8b465ee728b)  -> (artifact id: '38c02e27ad89aeccd094996c5c0e80d7') in 0.021580 seconds 
========================================================================
Received Import Request.
  Time since last request: 0.000016 seconds.
  path: Assets/Textures/Skills/98-Enchant-Wind.png
  artifactKey: Guid(a5e67256a376c45b58888f8611060022) Importer(815301076,1909f56bfc062723c751e8b465ee728b)
Start importing Assets/Textures/Skills/98-Enchant-Wind.png using Guid(a5e67256a376c45b58888f8611060022) Importer(815301076,1909f56bfc062723c751e8b465ee728b)  -> (artifact id: '4fa51003d6c106f9fcc2a253bd5f6fac') in 0.019127 seconds 
========================================================================
Received Import Request.
  Time since last request: 0.000014 seconds.
  path: Assets/Textures/Skills/103-Bone-Harpoon.png
  artifactKey: Guid(617c0e170d3fc477eaec8b447420d340) Importer(815301076,1909f56bfc062723c751e8b465ee728b)
Start importing Assets/Textures/Skills/103-Bone-Harpoon.png using Guid(617c0e170d3fc477eaec8b447420d340) Importer(815301076,1909f56bfc062723c751e8b465ee728b)  -> (artifact id: '932d8b7f6002792c3ae10a0bb9798c07') in 0.016059 seconds 
========================================================================
Received Import Request.
  Time since last request: 0.000014 seconds.
  path: Assets/Textures/Skills/104-Bone-Trap.png
  artifactKey: Guid(ef65aab13e15a4980bc0a51d43ee69e9) Importer(815301076,1909f56bfc062723c751e8b465ee728b)
Start importing Assets/Textures/Skills/104-Bone-Trap.png using Guid(ef65aab13e15a4980bc0a51d43ee69e9) Importer(815301076,1909f56bfc062723c751e8b465ee728b)  -> (artifact id: '1ed347d2d86733cd5b0d49db16697582') in 0.018515 seconds 
========================================================================
Received Import Request.
  Time since last request: 0.000016 seconds.
  path: Assets/Textures/Skills/106-Bear-Trap.png
  artifactKey: Guid(ef1c6f2d47db5475aa5f904dcfb8f9fb) Importer(815301076,1909f56bfc062723c751e8b465ee728b)
Start importing Assets/Textures/Skills/106-Bear-Trap.png using Guid(ef1c6f2d47db5475aa5f904dcfb8f9fb) Importer(815301076,1909f56bfc062723c751e8b465ee728b)  -> (artifact id: '7dae791345f3151d1a2e85de63e2b485') in 0.017605 seconds 
========================================================================
Received Import Request.
  Time since last request: 0.000018 seconds.
  path: Assets/Textures/Skills/109-Red-Potion.png
  artifactKey: Guid(fe928b8cfec9e42fdbb6bfd4f1d694b0) Importer(815301076,1909f56bfc062723c751e8b465ee728b)
Start importing Assets/Textures/Skills/109-Red-Potion.png using Guid(fe928b8cfec9e42fdbb6bfd4f1d694b0) Importer(815301076,1909f56bfc062723c751e8b465ee728b)  -> (artifact id: '0b81580e8966b06f812ccfa0968c8f7f') in 0.018470 seconds 
========================================================================
Received Import Request.
  Time since last request: 0.000014 seconds.
  path: Assets/Textures/Skills/120-Float.png
  artifactKey: Guid(aded89c3cc39746f0b06cc98bf2ae990) Importer(815301076,1909f56bfc062723c751e8b465ee728b)
Start importing Assets/Textures/Skills/120-Float.png using Guid(aded89c3cc39746f0b06cc98bf2ae990) Importer(815301076,1909f56bfc062723c751e8b465ee728b)  -> (artifact id: 'c493729b3eb96d5acc2a21c987ccbce8') in 0.019313 seconds 
========================================================================
Received Import Request.
  Time since last request: 0.000016 seconds.
  path: Assets/Textures/Skills/105-Summon-Golem.png
  artifactKey: Guid(310c9e07e0cf54ee99abf0200d2adbba) Importer(815301076,1909f56bfc062723c751e8b465ee728b)
Start importing Assets/Textures/Skills/105-Summon-Golem.png using Guid(310c9e07e0cf54ee99abf0200d2adbba) Importer(815301076,1909f56bfc062723c751e8b465ee728b)  -> (artifact id: 'ffef6c9228861c2b74b393d0238be2bb') in 0.016763 seconds 
========================================================================
Received Import Request.
  Time since last request: 0.000019 seconds.
  path: Assets/Textures/Skills/139-Song3.png
  artifactKey: Guid(205aae57e59f8419aafa7b77cf70d167) Importer(815301076,1909f56bfc062723c751e8b465ee728b)
Start importing Assets/Textures/Skills/139-Song3.png using Guid(205aae57e59f8419aafa7b77cf70d167) Importer(815301076,1909f56bfc062723c751e8b465ee728b)  -> (artifact id: '64cfb3d1514a382e68a091b894ef6031') in 0.021130 seconds 
========================================================================
Received Import Request.
  Time since last request: 0.000024 seconds.
  path: Assets/Textures/Skills/141-Hydromancy.png
  artifactKey: Guid(7d167c2382838483989a9c654ee5a072) Importer(815301076,1909f56bfc062723c751e8b465ee728b)
Start importing Assets/Textures/Skills/141-Hydromancy.png using Guid(7d167c2382838483989a9c654ee5a072) Importer(815301076,1909f56bfc062723c751e8b465ee728b)  -> (artifact id: '34da3f4158bf93d61125fd73335c6bee') in 0.018714 seconds 
========================================================================
Received Import Request.
  Time since last request: 0.000016 seconds.
  path: Assets/Textures/Skills/142-Geomancy.png
  artifactKey: Guid(ad7a20c7735894b7a8db5e31894d1144) Importer(815301076,1909f56bfc062723c751e8b465ee728b)
Start importing Assets/Textures/Skills/142-Geomancy.png using Guid(ad7a20c7735894b7a8db5e31894d1144) Importer(815301076,1909f56bfc062723c751e8b465ee728b)  -> (artifact id: '173305e4a83e2e92089cbef229a0e1d5') in 0.021919 seconds 
========================================================================
Received Import Request.
  Time since last request: 0.000017 seconds.
  path: Assets/Textures/Skills/138-Song2.png
  artifactKey: Guid(b6df32240e3ff4b0d9845e311bd6cbf6) Importer(815301076,1909f56bfc062723c751e8b465ee728b)
Start importing Assets/Textures/Skills/138-Song2.png using Guid(b6df32240e3ff4b0d9845e311bd6cbf6) Importer(815301076,1909f56bfc062723c751e8b465ee728b)  -> (artifact id: '4c45c67c0b20302700c7c592512631ab') in 0.018792 seconds 
Editor requested this worker to shutdown with reason: Scaling down because of idle timeout
AssetImportWorker is now disconnected from the server
Process exiting
Exiting without the bug reporter. Application will terminate with return code 0